<?xml version="1.0" encoding="UTF-8"?>
<!-- Generated by org.testng.reporters.JUnitReportReporter -->
<testsuite hostname="Amarjyo-s-PC" failures="0" tests="1" name="TestNG_advantages.Annotations" time="0.016" errors="0" timestamp="2022-08-17T23:02:50 IST" skipped="0">
  <testcase classname="TestNG_advantages.Annotations" name="verifyuserID" time="0.016"/>
  <system-out>
    <![CDATA[verifyuserID]]>
  </system-out>
</testsuite> <!-- TestNG_advantages.Annotations -->
