<?xml version="1.0" encoding="UTF-8"?>
<!-- Generated by org.testng.reporters.JUnitReportReporter -->
<testsuite hostname="Amarjyo-s-PC" failures="0" tests="1" name="TestNG_advantages.Assert_true" time="0.051" errors="0" timestamp="2022-08-24T01:10:57 IST" skipped="0">
  <testcase classname="TestNG_advantages.Assert_true" name="TC3" time="0.051"/>
  <system-out>
    <![CDATA[Mum]]>
  </system-out>
</testsuite> <!-- TestNG_advantages.Assert_true -->
