<?xml version="1.0" encoding="UTF-8"?>
<!-- Generated by org.testng.reporters.JUnitReportReporter -->
<testsuite hostname="Amarjyo-s-PC" failures="0" tests="1" name="Test_NG.Refactor" time="0.022" errors="0" timestamp="2022-08-17T19:52:10 IST" skipped="0">
  <testcase classname="Test_NG.Refactor" name="TC" time="0.022"/>
  <system-out>
    <![CDATA[hii]]>
  </system-out>
</testsuite> <!-- Test_NG.Refactor -->
