<?xml version="1.0" encoding="UTF-8"?>
<!-- Generated by org.testng.reporters.JUnitReportReporter -->
<testsuite hostname="Amarjyo-s-PC" failures="0" tests="1" name="Parallel.Flipkart" time="8.938" errors="0" timestamp="2022-09-15T14:35:04 IST" skipped="0">
  <testcase classname="Parallel.Flipkart" name="TC1" time="8.938"/>
  <system-out/>
</testsuite> <!-- Parallel.Flipkart -->
