<?xml version="1.0" encoding="UTF-8"?>
<!-- Generated by org.testng.reporters.JUnitReportReporter -->
<testsuite hostname="Amarjyo-s-PC" failures="0" tests="3" name="TestNG_advantages.Sample3" time="0.037" errors="0" timestamp="2022-08-18T23:07:12 IST" skipped="0">
  <testcase classname="TestNG_advantages.Sample3" name="TC7" time="0.004"/>
  <system-out>
    <![CDATA[running tc7]]>
  </system-out>
  <testcase classname="TestNG_advantages.Sample3" name="TC9" time="0.016"/>
  <system-out>
    <![CDATA[running tc9]]>
  </system-out>
  <testcase classname="TestNG_advantages.Sample3" name="TC8" time="0.017"/>
  <system-out>
    <![CDATA[running tc8]]>
  </system-out>
</testsuite> <!-- TestNG_advantages.Sample3 -->
