<?xml version="1.0" encoding="UTF-8"?>
<!-- Generated by org.testng.reporters.JUnitReportReporter -->
<testsuite hostname="Amarjyo-s-PC" failures="0" tests="1" name="TestNG_advantages.Emailable_Class" time="0.027" errors="0" timestamp="2022-08-17T22:47:01 IST" skipped="0">
  <testcase classname="TestNG_advantages.Emailable_Class" name="TC" time="0.027"/>
  <system-out>
    <![CDATA[Amar]]>
  </system-out>
</testsuite> <!-- TestNG_advantages.Emailable_Class -->
