<?xml version="1.0" encoding="UTF-8"?>
<!-- Generated by org.testng.reporters.JUnitReportReporter -->
<testsuite hostname="Amarjyo-s-PC" failures="0" tests="3" name="TestNG_advantages.Sample2" time="0.099" errors="0" timestamp="2022-08-18T23:07:12 IST" skipped="0">
  <testcase classname="TestNG_advantages.Sample2" name="TC4" time="0.027"/>
  <system-out>
    <![CDATA[running tc4]]>
  </system-out>
  <testcase classname="TestNG_advantages.Sample2" name="TC6" time="0.019"/>
  <system-out>
    <![CDATA[running tc6]]>
  </system-out>
  <testcase classname="TestNG_advantages.Sample2" name="TC5" time="0.053"/>
  <system-out>
    <![CDATA[running tc5]]>
  </system-out>
</testsuite> <!-- TestNG_advantages.Sample2 -->
