<?xml version="1.0" encoding="UTF-8"?>
<!-- Generated by org.testng.reporters.JUnitReportReporter -->
<testsuite hostname="Amarjyo-s-PC" failures="0" tests="5" name="TestNG_advantages.Flags" time="0.050" errors="0" timestamp="2022-08-17T23:09:53 IST" skipped="0">
  <testcase classname="TestNG_advantages.Flags" name="TC" time="0.007"/>
  <system-out>
    <![CDATA[running tc]]>
  </system-out>
  <testcase classname="TestNG_advantages.Flags" name="TC" time="0.022"/>
  <system-out>
    <![CDATA[running tc]]>
  </system-out>
  <testcase classname="TestNG_advantages.Flags" name="TC" time="0.006"/>
  <system-out>
    <![CDATA[running tc]]>
  </system-out>
  <testcase classname="TestNG_advantages.Flags" name="TC" time="0.008"/>
  <system-out>
    <![CDATA[running tc]]>
  </system-out>
  <testcase classname="TestNG_advantages.Flags" name="TC" time="0.007"/>
  <system-out>
    <![CDATA[running tc]]>
  </system-out>
</testsuite> <!-- TestNG_advantages.Flags -->
