<?xml version="1.0" encoding="UTF-8"?>
<!-- Generated by org.testng.reporters.JUnitReportReporter -->
<testsuite hostname="Amarjyo-s-PC" failures="0" tests="1" name="TestNG_advantages.Asserts_Equal" time="0.057" errors="0" timestamp="2022-08-24T01:00:34 IST" skipped="0">
  <testcase classname="TestNG_advantages.Asserts_Equal" name="TC1" time="0.057"/>
  <system-out>
    <![CDATA[hello]]>
  </system-out>
</testsuite> <!-- TestNG_advantages.Asserts_Equal -->
