<?xml version="1.0" encoding="UTF-8"?>
<!-- Generated by org.testng.reporters.JUnitReportReporter -->
<testsuite hostname="Amarjyo-s-PC" failures="0" tests="3" name="TestNG_advantages.Disable_TC_using_keyword" time="0.065" errors="0" timestamp="2022-08-18T23:17:51 IST" skipped="1">
  <testcase classname="TestNG_advantages.Disable_TC_using_keyword" name="TC2" time="0.011"/>
  <system-out>
    <![CDATA[running tc2]]>
  </system-out>
  <testcase classname="TestNG_advantages.Disable_TC_using_keyword" name="TC1" time="0.054"/>
  <system-out>
    <![CDATA[running tc1]]>
  </system-out>
  <testcase classname="TestNG_advantages.Disable_TC_using_keyword" name="TC3">
    <skipped/>
  </testcase> <!-- TC3 -->
  <system-out/>
</testsuite> <!-- TestNG_advantages.Disable_TC_using_keyword -->
