<?xml version="1.0" encoding="UTF-8"?>
<!-- Generated by org.testng.reporters.JUnitReportReporter -->
<testsuite hostname="Amarjyo-s-PC" failures="0" tests="3" name="TestNG_advantages.Sample1" time="0.026" errors="0" timestamp="2022-08-18T23:07:12 IST" skipped="0">
  <testcase classname="TestNG_advantages.Sample1" name="TC2" time="0.007"/>
  <system-out>
    <![CDATA[running tc2]]>
  </system-out>
  <testcase classname="TestNG_advantages.Sample1" name="TC3" time="0.012"/>
  <system-out>
    <![CDATA[running tc3]]>
  </system-out>
  <testcase classname="TestNG_advantages.Sample1" name="TC1" time="0.007"/>
  <system-out>
    <![CDATA[running tc1]]>
  </system-out>
</testsuite> <!-- TestNG_advantages.Sample1 -->
