<?xml version="1.0" encoding="UTF-8"?>
<!-- Generated by org.testng.reporters.JUnitReportReporter -->
<testsuite hostname="Amarjyo-s-PC" failures="0" tests="1" name="TestNG_advantages.Timeout" time="0.031" errors="0" timestamp="2022-08-17T23:27:33 IST" skipped="0">
  <testcase classname="TestNG_advantages.Timeout" name="TC" time="0.031"/>
  <system-out>
    <![CDATA[Hii]]>
  </system-out>
</testsuite> <!-- TestNG_advantages.Timeout -->
