<?xml version="1.0" encoding="UTF-8"?>
<!-- Generated by org.testng.reporters.JUnitReportReporter -->
<testsuite hostname="Amarjyo-s-PC" failures="0" tests="2" name="TestNG_advantages.Suite_Class" time="0.047" errors="0" timestamp="2022-08-18T23:51:38 IST" skipped="0">
  <testcase classname="TestNG_advantages.Suite_Class" name="TC1" time="0.032"/>
  <system-out>
    <![CDATA[Amar]]>
  </system-out>
  <testcase classname="TestNG_advantages.Suite_Class" name="TC2" time="0.015"/>
  <system-out>
    <![CDATA[Anjali]]>
  </system-out>
</testsuite> <!-- TestNG_advantages.Suite_Class -->
