<?xml version="1.0" encoding="UTF-8"?>
<!-- Generated by org.testng.reporters.JUnitReportReporter -->
<testsuite hostname="Amarjyo-s-PC" failures="0" tests="4" name="TestNG_advantages.Priority" time="0.046" errors="0" timestamp="2022-08-17T23:25:16 IST" skipped="0">
  <testcase classname="TestNG_advantages.Priority" name="TC4" time="0.021"/>
  <system-out>
    <![CDATA[Hii]]>
  </system-out>
  <testcase classname="TestNG_advantages.Priority" name="TC3" time="0.008"/>
  <system-out>
    <![CDATA[how are you]]>
  </system-out>
  <testcase classname="TestNG_advantages.Priority" name="TC2" time="0.006"/>
  <system-out>
    <![CDATA[i am fine]]>
  </system-out>
  <testcase classname="TestNG_advantages.Priority" name="TC1" time="0.011"/>
  <system-out>
    <![CDATA[good bye]]>
  </system-out>
</testsuite> <!-- TestNG_advantages.Priority -->
