<?xml version="1.0" encoding="UTF-8"?>
<!-- Generated by org.testng.reporters.JUnitReportReporter -->
<testsuite hostname="Amarjyo-s-PC" failures="0" tests="1" name="TestNG_advantages.Assert_False" time="0.117" errors="0" timestamp="2022-08-24T01:32:14 IST" skipped="0">
  <testcase classname="TestNG_advantages.Assert_False" name="TC4" time="0.117"/>
  <system-out>
    <![CDATA[Papa]]>
  </system-out>
</testsuite> <!-- TestNG_advantages.Assert_False -->
